
> api@0.0.1 build
> nest build

node.exe : [96msrc/course/course.controlle
r.ts[0m:[93m22[0m:[93m31[0m - 
[91merror[0m[90m TS2339: [0mProperty 
'findEnrolled' does not exist on type 
'CourseService'.
No linha:1 caractere:1
+ & "C:\Program Files\nodejs/node.exe" 
"C:\Program Files\nodejs/node_mo ...
+ ~~~~~~~~~~~~~~~~~~~~~~~~~~~~~~~~~~~~~~~~~
~~~~~~~~~~~~~~~~~~~~~~~~~~~~
    + CategoryInfo          : NotSpecified 
   : ([96msrc/course...CourseService'.:S  
  tring) [], RemoteException
    + FullyQualifiedErrorId : NativeComman 
   dError
 

[7m22[0m     return this.courseService.fi
ndEnrolled(req.user.id);
[7m  [0m [91m                           
   ~~~~~~~~~~~~[0m
[96msrc/course/course.controller.ts[0m:[
93m27[0m:[93m31[0m - 
[91merror[0m[90m TS2339: [0mProperty 
'findAll' does not exist on type 
'CourseService'.

[7m27[0m     return 
this.courseService.findAll();
[7m  [0m [91m                           
   ~~~~~~~[0m
[96msrc/course/course.controller.ts[0m:[
93m32[0m:[93m31[0m - 
[91merror[0m[90m TS2339: [0mProperty 
'findOne' does not exist on type 
'CourseService'.

[7m32[0m     return 
this.courseService.findOne(id);
[7m  [0m [91m                           
   ~~~~~~~[0m
[96msrc/course/course.controller.ts[0m:[
93m42[0m:[93m31[0m - 
[91merror[0m[90m TS2339: [0mProperty 
'update' does not exist on type 
'CourseService'.

[7m42[0m     return 
this.courseService.update(id, data);
[7m  [0m [91m                           
   ~~~~~~[0m
[96msrc/course/course.controller.ts[0m:[
93m47[0m:[93m31[0m - 
[91merror[0m[90m TS2339: [0mProperty 
'delete' does not exist on type 
'CourseService'.

[7m47[0m     return 
this.courseService.delete(id);
[7m  [0m [91m                           
   ~~~~~~[0m
[96msrc/course/course.service.ts[0m:[93m
35[0m:[93m9[0m - [91merror[0m[90m 
TS1068: [0mUnexpected token. A 
constructor, method, accessor, or property 
was expected.

[7m35[0m         return 
this.prisma.course.findMany({
[7m  [0m [91m        ~~~~~~[0m
[96msrc/course/course.service.ts[0m:[93m
59[0m:[93m5[0m - [91merror[0m[90m 
TS1128: [0mDeclaration or statement 
expected.

[7m59[0m     }
[7m  [0m [91m    ~[0m
[96msrc/course/course.service.ts[0m:[93m
61[0m:[93m5[0m - [91merror[0m[90m 
TS1434: [0mUnexpected keyword or 
identifier.

[7m61[0m     async findAll() {
[7m  [0m [91m    ~~~~~[0m
[96msrc/course/course.service.ts[0m:[93m
61[0m:[93m5[0m - [91merror[0m[90m 
TS2304: [0mCannot find name 'async'.

[7m61[0m     async findAll() {
[7m  [0m [91m    ~~~~~[0m
[96msrc/course/course.service.ts[0m:[93m
61[0m:[93m11[0m - [91merror[0m[90m 
TS2304: [0mCannot find name 'findAll'.

[7m61[0m     async findAll() {
[7m  [0m [91m          ~~~~~~~[0m
[96msrc/course/course.service.ts[0m:[93m
61[0m:[93m21[0m - [91merror[0m[90m 
TS1005: [0m';' expected.

[7m61[0m     async findAll() {
[7m  [0m [91m                    ~[0m
[96msrc/course/course.service.ts[0m:[93m
75[0m:[93m5[0m - [91merror[0m[90m 
TS1434: [0mUnexpected keyword or 
identifier.

[7m75[0m     async findOne(id: string) {
[7m  [0m [91m    ~~~~~[0m
[96msrc/course/course.service.ts[0m:[93m
75[0m:[93m5[0m - [91merror[0m[90m 
TS2304: [0mCannot find name 'async'.

[7m75[0m     async findOne(id: string) {
[7m  [0m [91m    ~~~~~[0m
[96msrc/course/course.service.ts[0m:[93m
75[0m:[93m11[0m - [91merror[0m[90m 
TS2304: [0mCannot find name 'findOne'.

[7m75[0m     async findOne(id: string) {
[7m  [0m [91m          ~~~~~~~[0m
[96msrc/course/course.service.ts[0m:[93m
75[0m:[93m19[0m - [91merror[0m[90m 
TS2304: [0mCannot find name 'id'.

[7m75[0m     async findOne(id: string) {
[7m  [0m [91m                  ~~[0m
[96msrc/course/course.service.ts[0m:[93m
75[0m:[93m21[0m - [91merror[0m[90m 
TS1005: [0m',' expected.

[7m75[0m     async findOne(id: string) {
[7m  [0m [91m                    ~[0m
[96msrc/course/course.service.ts[0m:[93m
75[0m:[93m23[0m - [91merror[0m[90m 
TS2693: [0m'string' only refers to a 
type, but is being used as a value here.

[7m75[0m     async findOne(id: string) {
[7m  [0m [91m                      
~~~~~~[0m
[96msrc/course/course.service.ts[0m:[93m
75[0m:[93m31[0m - [91merror[0m[90m 
TS1005: [0m';' expected.

[7m75[0m     async findOne(id: string) {
[7m  [0m [91m                           
   ~[0m
[96msrc/course/course.service.ts[0m:[93m
98[0m:[93m10[0m - [91merror[0m[90m 
TS1005: [0m',' expected.

[7m98[0m         });
[7m  [0m [91m         ~[0m
[96msrc/course/course.service.ts[0m:[93m
101[0m:[93m5[0m - [91merror[0m[90m 
TS1434: [0mUnexpected keyword or 
identifier.

[7m101[0m     async update(id: string, 
data: any) {
[7m   [0m [91m    ~~~~~[0m
[96msrc/course/course.service.ts[0m:[93m
101[0m:[93m5[0m - [91merror[0m[90m 
TS2304: [0mCannot find name 'async'.

[7m101[0m     async update(id: string, 
data: any) {
[7m   [0m [91m    ~~~~~[0m
[96msrc/course/course.service.ts[0m:[93m
101[0m:[93m11[0m - [91merror[0m[90m 
TS2552: [0mCannot find name 'update'. Did 
you mean 'Date'?

[7m101[0m     async update(id: string, 
data: any) {
[7m   [0m [91m          ~~~~~~[0m

  [96mnode_modules/typescript/lib/lib.es5.
d.ts[0m:[93m961[0m:[93m13[0m
    [7m961[0m declare var Date: 
DateConstructor;
    [7m   [0m [96m            ~~~~[0m
    'Date' is declared here.
[96msrc/course/course.service.ts[0m:[93m
101[0m:[93m18[0m - [91merror[0m[90m 
TS2304: [0mCannot find name 'id'.

[7m101[0m     async update(id: string, 
data: any) {
[7m   [0m [91m                 ~~[0m
[96msrc/course/course.service.ts[0m:[93m
101[0m:[93m20[0m - [91merror[0m[90m 
TS1005: [0m',' expected.

[7m101[0m     async update(id: string, 
data: any) {
[7m   [0m [91m                   ~[0m
[96msrc/course/course.service.ts[0m:[93m
101[0m:[93m22[0m - [91merror[0m[90m 
TS2693: [0m'string' only refers to a 
type, but is being used as a value here.

[7m101[0m     async update(id: string, 
data: any) {
[7m   [0m [91m                     
~~~~~~[0m
[96msrc/course/course.service.ts[0m:[93m
101[0m:[93m30[0m - [91merror[0m[90m 
TS2304: [0mCannot find name 'data'.

[7m101[0m     async update(id: string, 
data: any) {
[7m   [0m [91m                          
   ~~~~[0m
[96msrc/course/course.service.ts[0m:[93m
101[0m:[93m34[0m - [91merror[0m[90m 
TS1005: [0m',' expected.

[7m101[0m     async update(id: string, 
data: any) {
[7m   [0m [91m                          
       ~[0m
[96msrc/course/course.service.ts[0m:[93m
101[0m:[93m36[0m - [91merror[0m[90m 
TS2693: [0m'any' only refers to a type, 
but is being used as a value here.

[7m101[0m     async update(id: string, 
data: any) {
[7m   [0m [91m                          
         ~~~[0m
[96msrc/course/course.service.ts[0m:[93m
101[0m:[93m41[0m - [91merror[0m[90m 
TS1005: [0m';' expected.

[7m101[0m     async update(id: string, 
data: any) {
[7m   [0m [91m                          
              ~[0m
[96msrc/course/course.service.ts[0m:[93m
102[0m:[93m14[0m - [91merror[0m[90m 
TS2304: [0mCannot find name 'id'.

[7m102[0m     where: { id },
[7m   [0m [91m             ~~[0m
[96msrc/course/course.service.ts[0m:[93m
102[0m:[93m18[0m - [91merror[0m[90m 
TS1128: [0mDeclaration or statement 
expected.

[7m102[0m     where: { id },
[7m   [0m [91m                 ~[0m
[96msrc/course/course.service.ts[0m:[93m
103[0m:[93m11[0m - [91merror[0m[90m 
TS2304: [0mCannot find name 'courseData'.
Found 51 error(s).


[7m103[0m     data: courseData,
[7m   [0m [91m          ~~~~~~~~~~[0m
[96msrc/course/course.service.ts[0m:[93m
103[0m:[93m11[0m - [91merror[0m[90m 
TS2695: [0mLeft side of comma operator is 
unused and has no side effects.

[7m103[0m     data: courseData,
[7m   [0m [91m          ~~~~~~~~~~[0m
[96msrc/course/course.service.ts[0m:[93m
104[0m:[93m5[0m - [91merror[0m[90m 
TS1109: [0mExpression expected.

[7m104[0m     });
[7m   [0m [91m    ~[0m
[96msrc/course/course.service.ts[0m:[93m
104[0m:[93m6[0m - [91merror[0m[90m 
TS1128: [0mDeclaration or statement 
expected.

[7m104[0m     });
[7m   [0m [91m     ~[0m
[96msrc/course/course.service.ts[0m:[93m
115[0m:[93m5[0m - [91merror[0m[90m 
TS2304: [0mCannot find name 'modules'.

[7m115[0m if (modules) {
[7m   [0m [91m    ~~~~~~~[0m
[96msrc/course/course.service.ts[0m:[93m
119[0m:[93m25[0m - [91merror[0m[90m 
TS2304: [0mCannot find name 'modules'.

[7m119[0m     for (let i = 0; i < 
modules.length; i++) {
[7m   [0m [91m                        
~~~~~~~[0m
[96msrc/course/course.service.ts[0m:[93m
120[0m:[93m21[0m - [91merror[0m[90m 
TS2304: [0mCannot find name 'modules'.

[7m120[0m         const mod = modules[i];
[7m   [0m [91m                    
~~~~~~~[0m
[96msrc/course/course.service.ts[0m:[93m
123[0m:[93m35[0m - [91merror[0m[90m 
TS2532: [0mObject is possibly 'undefined'.

[7m123[0m         const savedModule = 
await this.prisma.module.upsert({
[7m   [0m [91m                          
        ~~~~[0m
[96msrc/course/course.service.ts[0m:[93m
128[0m:[93m27[0m - [91merror[0m[90m 
TS2304: [0mCannot find name 'id'.

[7m128[0m                 courseId: id,
[7m   [0m [91m                          
~~[0m
[96msrc/course/course.service.ts[0m:[93m
161[0m:[93m23[0m - [91merror[0m[90m 
TS2532: [0mObject is possibly 'undefined'.

[7m161[0m                 await 
this.prisma.lesson.upsert({
[7m   [0m [91m                      
~~~~[0m
[96msrc/course/course.service.ts[0m:[93m
185[0m:[93m1[0m - [91merror[0m[90m 
TS1128: [0mDeclaration or statement 
expected.

[7m185[0m }
[7m   [0m [91m~[0m
[96msrc/course/course.service.ts[0m:[93m
187[0m:[93m5[0m - [91merror[0m[90m 
TS1434: [0mUnexpected keyword or 
identifier.

[7m187[0m     async delete (id: string) {
[7m   [0m [91m    ~~~~~[0m
[96msrc/course/course.service.ts[0m:[93m
187[0m:[93m5[0m - [91merror[0m[90m 
TS2304: [0mCannot find name 'async'.

[7m187[0m     async delete (id: string) {
[7m   [0m [91m    ~~~~~[0m
[96msrc/course/course.service.ts[0m:[93m
187[0m:[93m19[0m - [91merror[0m[90m 
TS2304: [0mCannot find name 'id'.

[7m187[0m     async delete (id: string) {
[7m   [0m [91m                  ~~[0m
[96msrc/course/course.service.ts[0m:[93m
187[0m:[93m19[0m - [91merror[0m[90m 
TS2703: [0mThe operand of a 'delete' 
operator must be a property reference.

[7m187[0m     async delete (id: string) {
[7m   [0m [91m                  ~~[0m
[96msrc/course/course.service.ts[0m:[93m
187[0m:[93m21[0m - [91merror[0m[90m 
TS1005: [0m')' expected.

[7m187[0m     async delete (id: string) {
[7m   [0m [91m                    ~[0m
[96msrc/course/course.service.ts[0m:[93m
187[0m:[93m23[0m - [91merror[0m[90m 
TS1434: [0mUnexpected keyword or 
identifier.

[7m187[0m     async delete (id: string) {
[7m   [0m [91m                      
~~~~~~[0m
[96msrc/course/course.service.ts[0m:[93m
187[0m:[93m23[0m - [91merror[0m[90m 
TS2693: [0m'string' only refers to a 
type, but is being used as a value here.

[7m187[0m     async delete (id: string) {
[7m   [0m [91m                      
~~~~~~[0m
[96msrc/course/course.service.ts[0m:[93m
187[0m:[93m29[0m - [91merror[0m[90m 
TS1128: [0mDeclaration or statement 
expected.

[7m187[0m     async delete (id: string) {
[7m   [0m [91m                          
  ~[0m
[96msrc/course/course.service.ts[0m:[93m
192[0m:[93m1[0m - [91merror[0m[90m 
TS1128: [0mDeclaration or statement 
expected.

[7m192[0m }
[7m   [0m [91m~[0m

